1660497043679	geckodriver	INFO	Listening on 127.0.0.1:62809
1660497046897	mozrunner::runner	INFO	Running command: "C:\\Program Files\\Mozilla Firefox\\firefox.exe" "--marionette" "--remote-debugging-port" "62810" "--remote-allow-hosts" "localhost" "-no-remote" "-profile" "C:\\Users\\YOGESH\\AppData\\Local\\Temp\\rust_mozprofilecLaeNp"
1660497052368	Marionette	INFO	Marionette enabled
1660497052384	Marionette	INFO	Listening on port 62823
WebDriver BiDi listening on ws://localhost:62810
Read port: 62823
1660497053280	RemoteAgent	WARN	TLS certificate errors will be ignored for this session
console.warn: SearchSettings: "get: No settings file exists, new profile?" (new NotFoundError("Could not open the file at C:\\Users\\YOGESH\\AppData\\Local\\Temp\\rust_mozprofilecLaeNp\\search.json.mozlz4", (void 0)))
DevTools listening on ws://localhost:62810/devtools/browser/5c198a87-d182-4dd3-8ee7-2d3372580784
JavaScript error: resource://gre/modules/URIFixup.jsm, line 278: NS_ERROR_FAILURE: Should pass a non-null uri
console.warn: LoginRecipes: "getRecipes: falling back to a synchronous message for:" "https://opensource-demo.orangehrmlive.com"
console.warn: LoginRecipes: "getRecipes: falling back to a synchronous message for:" "https://opensource-demo.orangehrmlive.com"
JavaScript error: resource://gre/modules/LoginManagerParent.jsm, line 136: TypeError: gRecipeManager is null
1660497090828	Marionette	INFO	Stopped listening on port 62823
[Parent 10692, IPC I/O Parent] WARNING: file /builds/worker/checkouts/gecko/ipc/chromium/src/base/process_util_win.cc:167
1660497092973	geckodriver	INFO	Listening on 127.0.0.1:62875
1660497095991	mozrunner::runner	INFO	Running command: "C:\\Program Files\\Mozilla Firefox\\firefox.exe" "--marionette" "--remote-debugging-port" "62876" "--remote-allow-hosts" "localhost" "-no-remote" "-profile" "C:\\Users\\YOGESH\\AppData\\Local\\Temp\\rust_mozprofileUepT7s"
1660497096610	Marionette	INFO	Marionette enabled
1660497096615	Marionette	INFO	Listening on port 62887
WebDriver BiDi listening on ws://localhost:62876
Read port: 62887
1660497097322	RemoteAgent	WARN	TLS certificate errors will be ignored for this session
console.warn: SearchSettings: "get: No settings file exists, new profile?" (new NotFoundError("Could not open the file at C:\\Users\\YOGESH\\AppData\\Local\\Temp\\rust_mozprofileUepT7s\\search.json.mozlz4", (void 0)))
DevTools listening on ws://localhost:62876/devtools/browser/c2e6ef26-6d3a-42c0-8fa7-8f16aae201ea
JavaScript error: resource://gre/modules/URIFixup.jsm, line 278: NS_ERROR_FAILURE: Should pass a non-null uri
console.error: Region.jsm: "Error fetching region" (new Error("TIMEOUT", "resource://gre/modules/Region.jsm", 769))
console.error: Region.jsm: "Failed to fetch region" (new Error("TIMEOUT", "resource://gre/modules/Region.jsm", 421))
console.warn: LoginRecipes: "getRecipes: falling back to a synchronous message for:" "https://opensource-demo.orangehrmlive.com"
console.warn: LoginRecipes: "getRecipes: falling back to a synchronous message for:" "https://opensource-demo.orangehrmlive.com"
JavaScript error: resource://gre/modules/LoginManagerParent.jsm, line 136: TypeError: gRecipeManager is null
1660497177850	Marionette	INFO	Stopped listening on port 62887
1660497179081	geckodriver	INFO	Listening on 127.0.0.1:62981
1660497182099	mozrunner::runner	INFO	Running command: "C:\\Program Files\\Mozilla Firefox\\firefox.exe" "--marionette" "--remote-debugging-port" "62982" "--remote-allow-hosts" "localhost" "-no-remote" "-profile" "C:\\Users\\YOGESH\\AppData\\Local\\Temp\\rust_mozprofile67hK2p"
1660497183365	Marionette	INFO	Marionette enabled
1660497183371	Marionette	INFO	Listening on port 62994
WebDriver BiDi listening on ws://localhost:62982
Read port: 62994
1660497183862	RemoteAgent	WARN	TLS certificate errors will be ignored for this session
console.warn: SearchSettings: "get: No settings file exists, new profile?" (new NotFoundError("Could not open the file at C:\\Users\\YOGESH\\AppData\\Local\\Temp\\rust_mozprofile67hK2p\\search.json.mozlz4", (void 0)))
DevTools listening on ws://localhost:62982/devtools/browser/0b061c47-c9ed-401f-a679-b89ea8dab2b2
JavaScript error: resource://gre/modules/URIFixup.jsm, line 278: NS_ERROR_FAILURE: Should pass a non-null uri
console.error: Region.jsm: "Error fetching region" (new Error("TIMEOUT", "resource://gre/modules/Region.jsm", 769))
console.error: Region.jsm: "Failed to fetch region" (new Error("TIMEOUT", "resource://gre/modules/Region.jsm", 421))
console.warn: LoginRecipes: "getRecipes: falling back to a synchronous message for:" "https://opensource-demo.orangehrmlive.com"
console.warn: LoginRecipes: "getRecipes: falling back to a synchronous message for:" "https://opensource-demo.orangehrmlive.com"
JavaScript error: resource://gre/modules/LoginManagerParent.jsm, line 136: TypeError: gRecipeManager is null
1660497223461	Marionette	INFO	Stopped listening on port 62994
[Parent 10660, IPC I/O Parent] WARNING: file /builds/worker/checkouts/gecko/ipc/chromium/src/base/process_util_win.cc:167
1660497500062	geckodriver	INFO	Listening on 127.0.0.1:63186
1660497503130	mozrunner::runner	INFO	Running command: "C:\\Program Files\\Mozilla Firefox\\firefox.exe" "--marionette" "--remote-debugging-port" "63187" "--remote-allow-hosts" "localhost" "-no-remote" "-profile" "C:\\Users\\YOGESH\\AppData\\Local\\Temp\\rust_mozprofilegQkdAy"
1660497503694	Marionette	INFO	Marionette enabled
1660497503698	Marionette	INFO	Listening on port 63198
WebDriver BiDi listening on ws://localhost:63187
Read port: 63198
1660497504246	RemoteAgent	WARN	TLS certificate errors will be ignored for this session
console.warn: SearchSettings: "get: No settings file exists, new profile?" (new NotFoundError("Could not open the file at C:\\Users\\YOGESH\\AppData\\Local\\Temp\\rust_mozprofilegQkdAy\\search.json.mozlz4", (void 0)))
DevTools listening on ws://localhost:63187/devtools/browser/83ec15d3-bc37-4a82-ad73-c43ecd8caa6f
JavaScript error: resource://gre/modules/URIFixup.jsm, line 278: NS_ERROR_FAILURE: Should pass a non-null uri
console.warn: LoginRecipes: "getRecipes: falling back to a synchronous message for:" "https://opensource-demo.orangehrmlive.com"
console.warn: LoginRecipes: "getRecipes: falling back to a synchronous message for:" "https://opensource-demo.orangehrmlive.com"
JavaScript error: resource://gre/modules/LoginManagerParent.jsm, line 136: TypeError: gRecipeManager is null
1660497535598	Marionette	INFO	Stopped listening on port 63198
1660497536791	geckodriver	INFO	Listening on 127.0.0.1:63252
1660497539832	mozrunner::runner	INFO	Running command: "C:\\Program Files\\Mozilla Firefox\\firefox.exe" "--marionette" "--remote-debugging-port" "63253" "--remote-allow-hosts" "localhost" "-no-remote" "-profile" "C:\\Users\\YOGESH\\AppData\\Local\\Temp\\rust_mozprofilePZTYnX"
1660497540333	Marionette	INFO	Marionette enabled
1660497540338	Marionette	INFO	Listening on port 63264
WebDriver BiDi listening on ws://localhost:63253
Read port: 63264
1660497540814	RemoteAgent	WARN	TLS certificate errors will be ignored for this session
console.warn: SearchSettings: "get: No settings file exists, new profile?" (new NotFoundError("Could not open the file at C:\\Users\\YOGESH\\AppData\\Local\\Temp\\rust_mozprofilePZTYnX\\search.json.mozlz4", (void 0)))
DevTools listening on ws://localhost:63253/devtools/browser/e1efc918-c4dc-4237-9294-1063074b5465
JavaScript error: resource://gre/modules/URIFixup.jsm, line 278: NS_ERROR_FAILURE: Should pass a non-null uri
console.warn: LoginRecipes: "getRecipes: falling back to a synchronous message for:" "https://opensource-demo.orangehrmlive.com"
console.warn: LoginRecipes: "getRecipes: falling back to a synchronous message for:" "https://opensource-demo.orangehrmlive.com"
JavaScript error: resource://gre/modules/LoginManagerParent.jsm, line 136: TypeError: gRecipeManager is null
1660497568011	Marionette	INFO	Stopped listening on port 63264
1660497569457	geckodriver	INFO	Listening on 127.0.0.1:63310
1660497572437	mozrunner::runner	INFO	Running command: "C:\\Program Files\\Mozilla Firefox\\firefox.exe" "--marionette" "--remote-debugging-port" "63311" "--remote-allow-hosts" "localhost" "-no-remote" "-profile" "C:\\Users\\YOGESH\\AppData\\Local\\Temp\\rust_mozprofile1E0sme"
1660497573025	Marionette	INFO	Marionette enabled
1660497573031	Marionette	INFO	Listening on port 63322
WebDriver BiDi listening on ws://localhost:63311
Read port: 63322
1660497573466	RemoteAgent	WARN	TLS certificate errors will be ignored for this session
console.warn: SearchSettings: "get: No settings file exists, new profile?" (new NotFoundError("Could not open the file at C:\\Users\\YOGESH\\AppData\\Local\\Temp\\rust_mozprofile1E0sme\\search.json.mozlz4", (void 0)))
DevTools listening on ws://localhost:63311/devtools/browser/476575c8-0d34-45fa-bbd6-3c39123ea7f7
JavaScript error: resource://gre/modules/URIFixup.jsm, line 278: NS_ERROR_FAILURE: Should pass a non-null uri
console.warn: LoginRecipes: "getRecipes: falling back to a synchronous message for:" "https://opensource-demo.orangehrmlive.com"
console.warn: LoginRecipes: "getRecipes: falling back to a synchronous message for:" "https://opensource-demo.orangehrmlive.com"
JavaScript error: resource://gre/modules/LoginManagerParent.jsm, line 136: TypeError: gRecipeManager is null
1660497593514	Marionette	WARN	TimedPromise timed out after 500 ms: stacktrace:
TimedPromise/<@chrome://remote/content/marionette/sync.js:237:24
TimedPromise@chrome://remote/content/marionette/sync.js:222:10
interaction.flushEventLoop@chrome://remote/content/marionette/interaction.js:431:10
webdriverClickElement@chrome://remote/content/marionette/interaction.js:179:31
1660497601565	Marionette	INFO	Stopped listening on port 63322
[Parent 15028, IPC I/O Parent] WARNING: file /builds/worker/checkouts/gecko/ipc/chromium/src/base/process_util_win.cc:167
1660497726092	geckodriver	INFO	Listening on 127.0.0.1:63429
1660497729172	mozrunner::runner	INFO	Running command: "C:\\Program Files\\Mozilla Firefox\\firefox.exe" "--marionette" "--remote-debugging-port" "63430" "--remote-allow-hosts" "localhost" "-no-remote" "-profile" "C:\\Users\\YOGESH\\AppData\\Local\\Temp\\rust_mozprofile8EpGkV"
1660497729575	Marionette	INFO	Marionette enabled
1660497729580	Marionette	INFO	Listening on port 63440
WebDriver BiDi listening on ws://localhost:63430
Read port: 63440
1660497730605	RemoteAgent	WARN	TLS certificate errors will be ignored for this session
console.warn: SearchSettings: "get: No settings file exists, new profile?" (new NotFoundError("Could not open the file at C:\\Users\\YOGESH\\AppData\\Local\\Temp\\rust_mozprofile8EpGkV\\search.json.mozlz4", (void 0)))
DevTools listening on ws://localhost:63430/devtools/browser/828e47d4-c928-4550-9ad6-fac61d10cc1a
JavaScript error: resource://gre/modules/URIFixup.jsm, line 278: NS_ERROR_FAILURE: Should pass a non-null uri
console.warn: LoginRecipes: "getRecipes: falling back to a synchronous message for:" "https://opensource-demo.orangehrmlive.com"
console.warn: LoginRecipes: "getRecipes: falling back to a synchronous message for:" "https://opensource-demo.orangehrmlive.com"
JavaScript error: resource://gre/modules/LoginManagerParent.jsm, line 136: TypeError: gRecipeManager is null
1660497756720	Marionette	WARN	TimedPromise timed out after 500 ms: stacktrace:
TimedPromise/<@chrome://remote/content/marionette/sync.js:237:24
TimedPromise@chrome://remote/content/marionette/sync.js:222:10
interaction.flushEventLoop@chrome://remote/content/marionette/interaction.js:431:10
webdriverClickElement@chrome://remote/content/marionette/interaction.js:179:31
send@https://opensource-demo.orangehrmlive.com/webres_62f73b52d8a9f9.77445311/js/jquery/jquery-3.4.1.min.js:2:81476
ajax@https://opensource-demo.orangehrmlive.com/webres_62f73b52d8a9f9.77445311/js/jquery/jquery-3.4.1.min.js:2:77295
k._evalUrl@https://opensource-demo.orangehrmlive.com/webres_62f73b52d8a9f9.77445311/js/jquery/jquery-3.4.1.min.js:2:79350
Ie@https://opensource-demo.orangehrmlive.com/webres_62f73b52d8a9f9.77445311/js/jquery/jquery-3.4.1.min.js:2:48088
append@https://opensource-demo.orangehrmlive.com/webres_62f73b52d8a9f9.77445311/js/jquery/jquery-3.4.1.min.js:2:49520
html/<@https://opensource-demo.orangehrmlive.com/webres_62f73b52d8a9f9.77445311/js/jquery/jquery-3.4.1.min.js:2:50612
_@https://opensource-demo.orangehrmlive.com/webres_62f73b52d8a9f9.77445311/js/jquery/jquery-3.4.1.min.js:2:31840
html@https://opensource-demo.orangehrmlive.com/webres_62f73b52d8a9f9.77445311/js/jquery/jquery-3.4.1.min.js:2:50290
success@https://opensource-demo.orangehrmlive.com/index.php/dashboard:1255:36
c@https://opensource-demo.orangehrmlive.com/webres_62f73b52d8a9f9.77445311/js/jquery/jquery-3.4.1.min.js:2:27742
fireWith@https://opensource-demo.orangehrmlive.com/webres_62f73b52d8a9f9.77445311/js/jquery/jquery-3.4.1.min.js:2:28487
l@https://opensource-demo.orangehrmlive.com/webres_62f73b52d8a9f9.77445311/js/jquery/jquery-3.4.1.min.js:2:78789
send/o/<@https://opensource-demo.orangehrmlive.com/webres_62f73b52d8a9f9.77445311/js/jquery/jquery-3.4.1.min.js:2:81117
1660497759991	geckodriver	INFO	Listening on 127.0.0.1:63488
1660497763054	mozrunner::runner	INFO	Running command: "C:\\Program Files\\Mozilla Firefox\\firefox.exe" "--marionette" "--remote-debugging-port" "63489" "--remote-allow-hosts" "localhost" "-no-remote" "-profile" "C:\\Users\\YOGESH\\AppData\\Local\\Temp\\rust_mozprofileKkXrUI"
1660497763648	Marionette	INFO	Marionette enabled
1660497763654	Marionette	INFO	Listening on port 63500
WebDriver BiDi listening on ws://localhost:63489
Read port: 63500
1660497764181	RemoteAgent	WARN	TLS certificate errors will be ignored for this session
console.warn: SearchSettings: "get: No settings file exists, new profile?" (new NotFoundError("Could not open the file at C:\\Users\\YOGESH\\AppData\\Local\\Temp\\rust_mozprofileKkXrUI\\search.json.mozlz4", (void 0)))
DevTools listening on ws://localhost:63489/devtools/browser/854de3aa-ecad-42ac-848a-55f6dc05b624
JavaScript error: resource://gre/modules/URIFixup.jsm, line 278: NS_ERROR_FAILURE: Should pass a non-null uri
console.warn: LoginRecipes: "getRecipes: falling back to a synchronous message for:" "https://opensource-demo.orangehrmlive.com"
console.warn: LoginRecipes: "getRecipes: falling back to a synchronous message for:" "https://opensource-demo.orangehrmlive.com"
JavaScript error: resource://gre/modules/LoginManagerParent.jsm, line 136: TypeError: gRecipeManager is null
1660497793569	Marionette	WARN	TimedPromise timed out after 500 ms: stacktrace:
TimedPromise/<@chrome://remote/content/marionette/sync.js:237:24
TimedPromise@chrome://remote/content/marionette/sync.js:222:10
interaction.flushEventLoop@chrome://remote/content/marionette/interaction.js:431:10
webdriverClickElement@chrome://remote/content/marionette/interaction.js:179:31
send@https://opensource-demo.orangehrmlive.com/webres_62f73b52d8a9f9.77445311/js/jquery/jquery-3.4.1.min.js:2:81476
ajax@https://opensource-demo.orangehrmlive.com/webres_62f73b52d8a9f9.77445311/js/jquery/jquery-3.4.1.min.js:2:77295
k._evalUrl@https://opensource-demo.orangehrmlive.com/webres_62f73b52d8a9f9.77445311/js/jquery/jquery-3.4.1.min.js:2:79350
Ie@https://opensource-demo.orangehrmlive.com/webres_62f73b52d8a9f9.77445311/js/jquery/jquery-3.4.1.min.js:2:48088
append@https://opensource-demo.orangehrmlive.com/webres_62f73b52d8a9f9.77445311/js/jquery/jquery-3.4.1.min.js:2:49520
html/<@https://opensource-demo.orangehrmlive.com/webres_62f73b52d8a9f9.77445311/js/jquery/jquery-3.4.1.min.js:2:50612
_@https://opensource-demo.orangehrmlive.com/webres_62f73b52d8a9f9.77445311/js/jquery/jquery-3.4.1.min.js:2:31840
html@https://opensource-demo.orangehrmlive.com/webres_62f73b52d8a9f9.77445311/js/jquery/jquery-3.4.1.min.js:2:50290
success@https://opensource-demo.orangehrmlive.com/index.php/dashboard:1255:36
c@https://opensource-demo.orangehrmlive.com/webres_62f73b52d8a9f9.77445311/js/jquery/jquery-3.4.1.min.js:2:27742
fireWith@https://opensource-demo.orangehrmlive.com/webres_62f73b52d8a9f9.77445311/js/jquery/jquery-3.4.1.min.js:2:28487
l@https://opensource-demo.orangehrmlive.com/webres_62f73b52d8a9f9.77445311/js/jquery/jquery-3.4.1.min.js:2:78789
send/o/<@https://opensource-demo.orangehrmlive.com/webres_62f73b52d8a9f9.77445311/js/jquery/jquery-3.4.1.min.js:2:81117
1660497805544	geckodriver	INFO	Listening on 127.0.0.1:63565
1660497808520	mozrunner::runner	INFO	Running command: "C:\\Program Files\\Mozilla Firefox\\firefox.exe" "--marionette" "--remote-debugging-port" "63566" "--remote-allow-hosts" "localhost" "-no-remote" "-profile" "C:\\Users\\YOGESH\\AppData\\Local\\Temp\\rust_mozprofilePFL7U7"
1660497809231	Marionette	INFO	Marionette enabled
1660497809237	Marionette	INFO	Listening on port 63576
WebDriver BiDi listening on ws://localhost:63566
Read port: 63576
1660497809750	RemoteAgent	WARN	TLS certificate errors will be ignored for this session
console.warn: SearchSettings: "get: No settings file exists, new profile?" (new NotFoundError("Could not open the file at C:\\Users\\YOGESH\\AppData\\Local\\Temp\\rust_mozprofilePFL7U7\\search.json.mozlz4", (void 0)))
DevTools listening on ws://localhost:63566/devtools/browser/cc62d23b-ea24-4796-a797-5ab9d4c2404a
JavaScript error: resource://gre/modules/URIFixup.jsm, line 278: NS_ERROR_FAILURE: Should pass a non-null uri
console.warn: LoginRecipes: "getRecipes: falling back to a synchronous message for:" "https://opensource-demo.orangehrmlive.com"
console.warn: LoginRecipes: "getRecipes: falling back to a synchronous message for:" "https://opensource-demo.orangehrmlive.com"
JavaScript error: resource://gre/modules/LoginManagerParent.jsm, line 136: TypeError: gRecipeManager is null
1660497827463	Marionette	WARN	TimedPromise timed out after 500 ms: stacktrace:
TimedPromise/<@chrome://remote/content/marionette/sync.js:237:24
TimedPromise@chrome://remote/content/marionette/sync.js:222:10
interaction.flushEventLoop@chrome://remote/content/marionette/interaction.js:431:10
webdriverClickElement@chrome://remote/content/marionette/interaction.js:179:31
1660497836678	Marionette	WARN	TimedPromise timed out after 500 ms: stacktrace:
TimedPromise/<@chrome://remote/content/marionette/sync.js:237:24
TimedPromise@chrome://remote/content/marionette/sync.js:222:10
interaction.flushEventLoop@chrome://remote/content/marionette/interaction.js:431:10
webdriverClickElement@chrome://remote/content/marionette/interaction.js:179:31
send@https://opensource-demo.orangehrmlive.com/webres_62f73b52d8a9f9.77445311/js/jquery/jquery-3.4.1.min.js:2:81476
ajax@https://opensource-demo.orangehrmlive.com/webres_62f73b52d8a9f9.77445311/js/jquery/jquery-3.4.1.min.js:2:77295
k._evalUrl@https://opensource-demo.orangehrmlive.com/webres_62f73b52d8a9f9.77445311/js/jquery/jquery-3.4.1.min.js:2:79350
Ie@https://opensource-demo.orangehrmlive.com/webres_62f73b52d8a9f9.77445311/js/jquery/jquery-3.4.1.min.js:2:48088
append@https://opensource-demo.orangehrmlive.com/webres_62f73b52d8a9f9.77445311/js/jquery/jquery-3.4.1.min.js:2:49520
html/<@https://opensource-demo.orangehrmlive.com/webres_62f73b52d8a9f9.77445311/js/jquery/jquery-3.4.1.min.js:2:50612
_@https://opensource-demo.orangehrmlive.com/webres_62f73b52d8a9f9.77445311/js/jquery/jquery-3.4.1.min.js:2:31840
html@https://opensource-demo.orangehrmlive.com/webres_62f73b52d8a9f9.77445311/js/jquery/jquery-3.4.1.min.js:2:50290
success@https://opensource-demo.orangehrmlive.com/index.php/dashboard:1255:36
c@https://opensource-demo.orangehrmlive.com/webres_62f73b52d8a9f9.77445311/js/jquery/jquery-3.4.1.min.js:2:27742
fireWith@https://opensource-demo.orangehrmlive.com/webres_62f73b52d8a9f9.77445311/js/jquery/jquery-3.4.1.min.js:2:28487
l@https://opensource-demo.orangehrmlive.com/webres_62f73b52d8a9f9.77445311/js/jquery/jquery-3.4.1.min.js:2:78789
send/o/<@https://opensource-demo.orangehrmlive.com/webres_62f73b52d8a9f9.77445311/js/jquery/jquery-3.4.1.min.js:2:81117
1660498049864	geckodriver	INFO	Listening on 127.0.0.1:63734
1660498052939	mozrunner::runner	INFO	Running command: "C:\\Program Files\\Mozilla Firefox\\firefox.exe" "--marionette" "--remote-debugging-port" "63735" "--remote-allow-hosts" "localhost" "-no-remote" "-profile" "C:\\Users\\YOGESH\\AppData\\Local\\Temp\\rust_mozprofilex1G67D"
1660498055367	Marionette	INFO	Marionette enabled
1660498055372	Marionette	INFO	Listening on port 63747
WebDriver BiDi listening on ws://localhost:63735
Read port: 63747
1660498055813	RemoteAgent	WARN	TLS certificate errors will be ignored for this session
console.warn: SearchSettings: "get: No settings file exists, new profile?" (new NotFoundError("Could not open the file at C:\\Users\\YOGESH\\AppData\\Local\\Temp\\rust_mozprofilex1G67D\\search.json.mozlz4", (void 0)))
DevTools listening on ws://localhost:63735/devtools/browser/f26093f2-867b-42e9-9355-5a67bd5e2e55
JavaScript error: resource://gre/modules/URIFixup.jsm, line 278: NS_ERROR_FAILURE: Should pass a non-null uri
console.warn: LoginRecipes: "getRecipes: falling back to a synchronous message for:" "https://opensource-demo.orangehrmlive.com"
console.warn: LoginRecipes: "getRecipes: falling back to a synchronous message for:" "https://opensource-demo.orangehrmlive.com"
JavaScript error: resource://gre/modules/LoginManagerParent.jsm, line 136: TypeError: gRecipeManager is null
1660498120580	geckodriver	INFO	Listening on 127.0.0.1:63825
1660498123608	mozrunner::runner	INFO	Running command: "C:\\Program Files\\Mozilla Firefox\\firefox.exe" "--marionette" "--remote-debugging-port" "63826" "--remote-allow-hosts" "localhost" "-no-remote" "-profile" "C:\\Users\\YOGESH\\AppData\\Local\\Temp\\rust_mozprofileMRlIm2"
1660498124258	Marionette	INFO	Marionette enabled
1660498124265	Marionette	INFO	Listening on port 63837
WebDriver BiDi listening on ws://localhost:63826
Read port: 63837
1660498124769	RemoteAgent	WARN	TLS certificate errors will be ignored for this session
console.warn: SearchSettings: "get: No settings file exists, new profile?" (new NotFoundError("Could not open the file at C:\\Users\\YOGESH\\AppData\\Local\\Temp\\rust_mozprofileMRlIm2\\search.json.mozlz4", (void 0)))
DevTools listening on ws://localhost:63826/devtools/browser/1a8d7673-95ae-4657-94bf-f350fb72da35
JavaScript error: resource://gre/modules/URIFixup.jsm, line 278: NS_ERROR_FAILURE: Should pass a non-null uri
console.warn: LoginRecipes: "getRecipes: falling back to a synchronous message for:" "https://opensource-demo.orangehrmlive.com"
console.warn: LoginRecipes: "getRecipes: falling back to a synchronous message for:" "https://opensource-demo.orangehrmlive.com"
JavaScript error: resource://gre/modules/LoginManagerParent.jsm, line 136: TypeError: gRecipeManager is null
1660498144851	Marionette	WARN	TimedPromise timed out after 500 ms: stacktrace:
TimedPromise/<@chrome://remote/content/marionette/sync.js:237:24
TimedPromise@chrome://remote/content/marionette/sync.js:222:10
interaction.flushEventLoop@chrome://remote/content/marionette/interaction.js:431:10
webdriverClickElement@chrome://remote/content/marionette/interaction.js:179:31
1660498153240	Marionette	WARN	TimedPromise timed out after 500 ms: stacktrace:
TimedPromise/<@chrome://remote/content/marionette/sync.js:237:24
TimedPromise@chrome://remote/content/marionette/sync.js:222:10
interaction.flushEventLoop@chrome://remote/content/marionette/interaction.js:431:10
webdriverClickElement@chrome://remote/content/marionette/interaction.js:179:31
send@https://opensource-demo.orangehrmlive.com/webres_62f73b52d8a9f9.77445311/js/jquery/jquery-3.4.1.min.js:2:81476
ajax@https://opensource-demo.orangehrmlive.com/webres_62f73b52d8a9f9.77445311/js/jquery/jquery-3.4.1.min.js:2:77295
k._evalUrl@https://opensource-demo.orangehrmlive.com/webres_62f73b52d8a9f9.77445311/js/jquery/jquery-3.4.1.min.js:2:79350
Ie@https://opensource-demo.orangehrmlive.com/webres_62f73b52d8a9f9.77445311/js/jquery/jquery-3.4.1.min.js:2:48088
append@https://opensource-demo.orangehrmlive.com/webres_62f73b52d8a9f9.77445311/js/jquery/jquery-3.4.1.min.js:2:49520
html/<@https://opensource-demo.orangehrmlive.com/webres_62f73b52d8a9f9.77445311/js/jquery/jquery-3.4.1.min.js:2:50612
_@https://opensource-demo.orangehrmlive.com/webres_62f73b52d8a9f9.77445311/js/jquery/jquery-3.4.1.min.js:2:31840
html@https://opensource-demo.orangehrmlive.com/webres_62f73b52d8a9f9.77445311/js/jquery/jquery-3.4.1.min.js:2:50290
success@https://opensource-demo.orangehrmlive.com/index.php/dashboard:1255:36
c@https://opensource-demo.orangehrmlive.com/webres_62f73b52d8a9f9.77445311/js/jquery/jquery-3.4.1.min.js:2:27742
fireWith@https://opensource-demo.orangehrmlive.com/webres_62f73b52d8a9f9.77445311/js/jquery/jquery-3.4.1.min.js:2:28487
l@https://opensource-demo.orangehrmlive.com/webres_62f73b52d8a9f9.77445311/js/jquery/jquery-3.4.1.min.js:2:78789
send/o/<@https://opensource-demo.orangehrmlive.com/webres_62f73b52d8a9f9.77445311/js/jquery/jquery-3.4.1.min.js:2:81117
1660498159211	geckodriver	INFO	Listening on 127.0.0.1:63891
1660498161851	mozrunner::runner	INFO	Running command: "C:\\Program Files\\Mozilla Firefox\\firefox.exe" "--marionette" "--remote-debugging-port" "63892" "--remote-allow-hosts" "localhost" "-no-remote" "-profile" "C:\\Users\\YOGESH\\AppData\\Local\\Temp\\rust_mozprofilefHc7iz"
1660498171923	Marionette	INFO	Marionette enabled
1660498171928	Marionette	INFO	Listening on port 63902
WebDriver BiDi listening on ws://localhost:63892
console.error: Region.jsm: "Error fetching region" (new Error("TIMEOUT", "resource://gre/modules/Region.jsm", 769))
console.error: Region.jsm: "Failed to fetch region" (new Error("TIMEOUT", "resource://gre/modules/Region.jsm", 421))
Read port: 63902
1660498182344	RemoteAgent	WARN	TLS certificate errors will be ignored for this session
console.warn: SearchSettings: "get: No settings file exists, new profile?" (new NotFoundError("Could not open the file at C:\\Users\\YOGESH\\AppData\\Local\\Temp\\rust_mozprofilefHc7iz\\search.json.mozlz4", (void 0)))
DevTools listening on ws://localhost:63892/devtools/browser/408f9b87-3a70-443a-ad32-8f7dc9994f3f
JavaScript error: resource://gre/modules/URIFixup.jsm, line 278: NS_ERROR_FAILURE: Should pass a non-null uri
console.warn: LoginRecipes: "getRecipes: falling back to a synchronous message for:" "https://opensource-demo.orangehrmlive.com"
console.warn: LoginRecipes: "getRecipes: falling back to a synchronous message for:" "https://opensource-demo.orangehrmlive.com"
JavaScript error: resource://gre/modules/LoginManagerParent.jsm, line 136: TypeError: gRecipeManager is null
1660498208536	Marionette	WARN	TimedPromise timed out after 500 ms: stacktrace:
TimedPromise/<@chrome://remote/content/marionette/sync.js:237:24
TimedPromise@chrome://remote/content/marionette/sync.js:222:10
interaction.flushEventLoop@chrome://remote/content/marionette/interaction.js:431:10
webdriverClickElement@chrome://remote/content/marionette/interaction.js:179:31
1660498215003	Marionette	WARN	TimedPromise timed out after 500 ms: stacktrace:
TimedPromise/<@chrome://remote/content/marionette/sync.js:237:24
TimedPromise@chrome://remote/content/marionette/sync.js:222:10
interaction.flushEventLoop@chrome://remote/content/marionette/interaction.js:431:10
webdriverClickElement@chrome://remote/content/marionette/interaction.js:179:31
send@https://opensource-demo.orangehrmlive.com/webres_62f73b52d8a9f9.77445311/js/jquery/jquery-3.4.1.min.js:2:81476
ajax@https://opensource-demo.orangehrmlive.com/webres_62f73b52d8a9f9.77445311/js/jquery/jquery-3.4.1.min.js:2:77295
k._evalUrl@https://opensource-demo.orangehrmlive.com/webres_62f73b52d8a9f9.77445311/js/jquery/jquery-3.4.1.min.js:2:79350
Ie@https://opensource-demo.orangehrmlive.com/webres_62f73b52d8a9f9.77445311/js/jquery/jquery-3.4.1.min.js:2:48088
append@https://opensource-demo.orangehrmlive.com/webres_62f73b52d8a9f9.77445311/js/jquery/jquery-3.4.1.min.js:2:49520
html/<@https://opensource-demo.orangehrmlive.com/webres_62f73b52d8a9f9.77445311/js/jquery/jquery-3.4.1.min.js:2:50612
_@https://opensource-demo.orangehrmlive.com/webres_62f73b52d8a9f9.77445311/js/jquery/jquery-3.4.1.min.js:2:31840
html@https://opensource-demo.orangehrmlive.com/webres_62f73b52d8a9f9.77445311/js/jquery/jquery-3.4.1.min.js:2:50290
success@https://opensource-demo.orangehrmlive.com/index.php/dashboard:1255:36
c@https://opensource-demo.orangehrmlive.com/webres_62f73b52d8a9f9.77445311/js/jquery/jquery-3.4.1.min.js:2:27742
fireWith@https://opensource-demo.orangehrmlive.com/webres_62f73b52d8a9f9.77445311/js/jquery/jquery-3.4.1.min.js:2:28487
l@https://opensource-demo.orangehrmlive.com/webres_62f73b52d8a9f9.77445311/js/jquery/jquery-3.4.1.min.js:2:78789
send/o/<@https://opensource-demo.orangehrmlive.com/webres_62f73b52d8a9f9.77445311/js/jquery/jquery-3.4.1.min.js:2:81117
1660498395200	geckodriver	INFO	Listening on 127.0.0.1:64021
1660498398314	mozrunner::runner	INFO	Running command: "C:\\Program Files\\Mozilla Firefox\\firefox.exe" "--marionette" "--remote-debugging-port" "64022" "--remote-allow-hosts" "localhost" "-no-remote" "-profile" "C:\\Users\\YOGESH\\AppData\\Local\\Temp\\rust_mozprofileO8jAgj"
1660498401461	Marionette	INFO	Marionette enabled
1660498401466	Marionette	INFO	Listening on port 64031
WebDriver BiDi listening on ws://localhost:64022
Read port: 64031
1660498402094	RemoteAgent	WARN	TLS certificate errors will be ignored for this session
console.warn: SearchSettings: "get: No settings file exists, new profile?" (new NotFoundError("Could not open the file at C:\\Users\\YOGESH\\AppData\\Local\\Temp\\rust_mozprofileO8jAgj\\search.json.mozlz4", (void 0)))
DevTools listening on ws://localhost:64022/devtools/browser/ad79c751-0bca-4f33-b259-73bc4da7878c
JavaScript error: resource://gre/modules/URIFixup.jsm, line 278: NS_ERROR_FAILURE: Should pass a non-null uri
console.warn: LoginRecipes: "getRecipes: falling back to a synchronous message for:" "https://opensource-demo.orangehrmlive.com"
console.warn: LoginRecipes: "getRecipes: falling back to a synchronous message for:" "https://opensource-demo.orangehrmlive.com"
JavaScript error: resource://gre/modules/LoginManagerParent.jsm, line 136: TypeError: gRecipeManager is null
1660498444605	Marionette	WARN	TimedPromise timed out after 500 ms: stacktrace:
TimedPromise/<@chrome://remote/content/marionette/sync.js:237:24
TimedPromise@chrome://remote/content/marionette/sync.js:222:10
interaction.flushEventLoop@chrome://remote/content/marionette/interaction.js:431:10
webdriverClickElement@chrome://remote/content/marionette/interaction.js:179:31
send@https://opensource-demo.orangehrmlive.com/webres_62f73b52d8a9f9.77445311/js/jquery/jquery-3.4.1.min.js:2:81476
ajax@https://opensource-demo.orangehrmlive.com/webres_62f73b52d8a9f9.77445311/js/jquery/jquery-3.4.1.min.js:2:77295
k._evalUrl@https://opensource-demo.orangehrmlive.com/webres_62f73b52d8a9f9.77445311/js/jquery/jquery-3.4.1.min.js:2:79350
Ie@https://opensource-demo.orangehrmlive.com/webres_62f73b52d8a9f9.77445311/js/jquery/jquery-3.4.1.min.js:2:48088
append@https://opensource-demo.orangehrmlive.com/webres_62f73b52d8a9f9.77445311/js/jquery/jquery-3.4.1.min.js:2:49520
html/<@https://opensource-demo.orangehrmlive.com/webres_62f73b52d8a9f9.77445311/js/jquery/jquery-3.4.1.min.js:2:50612
_@https://opensource-demo.orangehrmlive.com/webres_62f73b52d8a9f9.77445311/js/jquery/jquery-3.4.1.min.js:2:31840
html@https://opensource-demo.orangehrmlive.com/webres_62f73b52d8a9f9.77445311/js/jquery/jquery-3.4.1.min.js:2:50290
success@https://opensource-demo.orangehrmlive.com/index.php/dashboard:1255:36
c@https://opensource-demo.orangehrmlive.com/webres_62f73b52d8a9f9.77445311/js/jquery/jquery-3.4.1.min.js:2:27742
fireWith@https://opensource-demo.orangehrmlive.com/webres_62f73b52d8a9f9.77445311/js/jquery/jquery-3.4.1.min.js:2:28487
l@https://opensource-demo.orangehrmlive.com/webres_62f73b52d8a9f9.77445311/js/jquery/jquery-3.4.1.min.js:2:78789
send/o/<@https://opensource-demo.orangehrmlive.com/webres_62f73b52d8a9f9.77445311/js/jquery/jquery-3.4.1.min.js:2:81117
1660498573118	Marionette	INFO	Stopped listening on port 64031
console.warn: TopSitesFeed: Failed to fetch data from Contile server: NetworkError when attempting to fetch resource.
remote-debugging-port" "64065" "--remote-allow-hosts" "localhost" "-no-remote" "-profile" "C:\\Users\\YOGESH\\AppData\\Local\\Temp\\rust_mozprofilexKYekH"
1660498456448	Marionette	INFO	Marionette enabled
1660498456453	Marionette	INFO	Listening on port 64074
WebDriver BiDi listening on ws://localhost:64065
Read port: 64074
1660498456892	RemoteAgent	WARN	TLS certificate errors will be ignored for this session
console.warn: SearchSettings: "get: No settings file exists, new profile?" (new NotFoundError("Could not open the file at C:\\Users\\YOGESH\\AppData\\Local\\Temp\\rust_mozprofilexKYekH\\search.json.mozlz4", (void 0)))
DevTools listening on ws://localhost:64065/devtools/browser/4ebcb6c6-01be-4f43-8fdb-1ef12f4d764b
JavaScript error: resource://gre/modules/URIFixup.jsm, line 278: NS_ERROR_FAILURE: Should pass a non-null uri
console.error: Region.jsm: "Error fetching region" (new Error("TIMEOUT", "resource://gre/modules/Region.jsm", 769))
console.error: Region.jsm: "Failed to fetch region" (new Error("TIMEOUT", "resource://gre/modules/Region.jsm", 421))
console.warn: LoginRecipes: "getRecipes: falling back to a synchronous message for:" "https://opensource-demo.orangehrmlive.com"
console.warn: LoginRecipes: "getRecipes: falling back to a synchronous message for:" "https://opensource-demo.orangehrmlive.com"
JavaScript error: resource://gre/modules/LoginManagerParent.jsm, line 136: TypeError: gRecipeManager is null
1660498511821	Marionette	WARN	TimedPromise timed out after 500 ms: stacktrace:
TimedPromise/<@chrome://remote/content/marionette/sync.js:237:24
TimedPromise@chrome://remote/content/marionette/sync.js:222:10
interaction.flushEventLoop@chrome://remote/content/marionette/interaction.js:431:10
webdriverClickElement@chrome://remote/content/marionette/interaction.js:179:31
1660498519069	Marionette	WARN	TimedPromise timed out after 500 ms: stacktrace:
TimedPromise/<@chrome://remote/content/marionette/sync.js:237:24
TimedPromise@chrome://remote/content/marionette/sync.js:222:10
interaction.flushEventLoop@chrome://remote/content/marionette/interaction.js:431:10
webdriverClickElement@chrome://remote/content/marionette/interaction.js:179:31
send@https://opensource-demo.orangehrmlive.com/webres_62f73b52d8a9f9.77445311/js/jquery/jquery-3.4.1.min.js:2:81476
ajax@https://opensource-demo.orangehrmlive.com/webres_62f73b52d8a9f9.77445311/js/jquery/jquery-3.4.1.min.js:2:77295
k._evalUrl@https://opensource-demo.orangehrmlive.com/webres_62f73b52d8a9f9.77445311/js/jquery/jquery-3.4.1.min.js:2:79350
Ie@https://opensource-demo.orangehrmlive.com/webres_62f73b52d8a9f9.77445311/js/jquery/jquery-3.4.1.min.js:2:48088
append@https://opensource-demo.orangehrmlive.com/webres_62f73b52d8a9f9.77445311/js/jquery/jquery-3.4.1.min.js:2:49520
html/<@https://opensource-demo.orangehrmlive.com/webres_62f73b52d8a9f9.77445311/js/jquery/jquery-3.4.1.min.js:2:50612
_@https://opensource-demo.orangehrmlive.com/webres_62f73b52d8a9f9.77445311/js/jquery/jquery-3.4.1.min.js:2:31840
html@https://opensource-demo.orangehrmlive.com/webres_62f73b52d8a9f9.77445311/js/jquery/jquery-3.4.1.min.js:2:50290
success@https://opensource-demo.orangehrmlive.com/index.php/dashboard:1255:36
c@https://opensource-demo.orangehrmlive.com/webres_62f73b52d8a9f9.77445311/js/jquery/jquery-3.4.1.min.js:2:27742
fireWith@https://opensource-demo.orangehrmlive.com/webres_62f73b52d8a9f9.77445311/js/jquery/jquery-3.4.1.min.js:2:28487
l@https://opensource-demo.orangehrmlive.com/webres_62f73b52d8a9f9.77445311/js/jquery/jquery-3.4.1.min.js:2:78789
send/o/<@https://opensource-demo.orangehrmlive.com/webres_62f73b52d8a9f9.77445311/js/jquery/jquery-3.4.1.min.js:2:81117
1660498576084	Marionette	INFO	Stopped listening on port 64074
console.warn: TopSitesFeed: Failed to fetch data from Contile server: NetworkError when attempting to fetch resource.
[Parent 10952, IPC I/O Parent] WARNING: file /builds/worker/checkouts/gecko/ipc/chromium/src/base/process_util_win.cc:167
l\\Temp\\rust_mozprofilepiCgKu"
1660498525923	Marionette	INFO	Marionette enabled
1660498525928	Marionette	INFO	Listening on port 64158
WebDriver BiDi listening on ws://localhost:64149
Read port: 64158
1660498526405	RemoteAgent	WARN	TLS certificate errors will be ignored for this session
console.warn: SearchSettings: "get: No settings file exists, new profile?" (new NotFoundError("Could not open the file at C:\\Users\\YOGESH\\AppData\\Local\\Temp\\rust_mozprofilepiCgKu\\search.json.mozlz4", (void 0)))
DevTools listening on ws://localhost:64149/devtools/browser/5b923248-b044-4f1d-8b12-bb2e50ea3ab8
JavaScript error: resource://gre/modules/URIFixup.jsm, line 278: NS_ERROR_FAILURE: Should pass a non-null uri
console.warn: LoginRecipes: "getRecipes: falling back to a synchronous message for:" "https://opensource-demo.orangehrmlive.com"
console.warn: LoginRecipes: "getRecipes: falling back to a synchronous message for:" "https://opensource-demo.orangehrmlive.com"
JavaScript error: resource://gre/modules/LoginManagerParent.jsm, line 136: TypeError: gRecipeManager is null
1660498547435	Marionette	WARN	TimedPromise timed out after 500 ms: stacktrace:
TimedPromise/<@chrome://remote/content/marionette/sync.js:237:24
TimedPromise@chrome://remote/content/marionette/sync.js:222:10
interaction.flushEventLoop@chrome://remote/content/marionette/interaction.js:431:10
webdriverClickElement@chrome://remote/content/marionette/interaction.js:179:31
1660498556589	Marionette	WARN	TimedPromise timed out after 500 ms: stacktrace:
TimedPromise/<@chrome://remote/content/marionette/sync.js:237:24
TimedPromise@chrome://remote/content/marionette/sync.js:222:10
interaction.flushEventLoop@chrome://remote/content/marionette/interaction.js:431:10
webdriverClickElement@chrome://remote/content/marionette/interaction.js:179:31
send@https://opensource-demo.orangehrmlive.com/webres_62f73b52d8a9f9.77445311/js/jquery/jquery-3.4.1.min.js:2:81476
ajax@https://opensource-demo.orangehrmlive.com/webres_62f73b52d8a9f9.77445311/js/jquery/jquery-3.4.1.min.js:2:77295
k._evalUrl@https://opensource-demo.orangehrmlive.com/webres_62f73b52d8a9f9.77445311/js/jquery/jquery-3.4.1.min.js:2:79350
Ie@https://opensource-demo.orangehrmlive.com/webres_62f73b52d8a9f9.77445311/js/jquery/jquery-3.4.1.min.js:2:48088
append@https://opensource-demo.orangehrmlive.com/webres_62f73b52d8a9f9.77445311/js/jquery/jquery-3.4.1.min.js:2:49520
html/<@https://opensource-demo.orangehrmlive.com/webres_62f73b52d8a9f9.77445311/js/jquery/jquery-3.4.1.min.js:2:50612
_@https://opensource-demo.orangehrmlive.com/webres_62f73b52d8a9f9.77445311/js/jquery/jquery-3.4.1.min.js:2:31840
html@https://opensource-demo.orangehrmlive.com/webres_62f73b52d8a9f9.77445311/js/jquery/jquery-3.4.1.min.js:2:50290
success@https://opensource-demo.orangehrmlive.com/index.php/dashboard:1255:36
c@https://opensource-demo.orangehrmlive.com/webres_62f73b52d8a9f9.77445311/js/jquery/jquery-3.4.1.min.js:2:27742
fireWith@https://opensource-demo.orangehrmlive.com/webres_62f73b52d8a9f9.77445311/js/jquery/jquery-3.4.1.min.js:2:28487
l@https://opensource-demo.orangehrmlive.com/webres_62f73b52d8a9f9.77445311/js/jquery/jquery-3.4.1.min.js:2:78789
send/o/<@https://opensource-demo.orangehrmlive.com/webres_62f73b52d8a9f9.77445311/js/jquery/jquery-3.4.1.min.js:2:81117
1660498577636	Marionette	INFO	Stopped listening on port 64158
console.warn: TopSitesFeed: Failed to fetch data from Contile server: NetworkError when attempting to fetch resource.
[Parent 16084, IPC I/O Parent] WARNING: file /builds/worker/checkouts/gecko/ipc/chromium/src/base/process_util_win.cc:167
1660498894077	geckodriver	INFO	Listening on 127.0.0.1:64207
1660498897178	mozrunner::runner	INFO	Running command: "C:\\Program Files\\Mozilla Firefox\\firefox.exe" "--marionette" "--remote-debugging-port" "64208" "--remote-allow-hosts" "localhost" "-no-remote" "-profile" "C:\\Users\\YOGESH\\AppData\\Local\\Temp\\rust_mozprofileUiSxG0"
1660498897687	Marionette	INFO	Marionette enabled
1660498897692	Marionette	INFO	Listening on port 64217
WebDriver BiDi listening on ws://localhost:64208
Read port: 64217
1660498898140	RemoteAgent	WARN	TLS certificate errors will be ignored for this session
console.warn: SearchSettings: "get: No settings file exists, new profile?" (new NotFoundError("Could not open the file at C:\\Users\\YOGESH\\AppData\\Local\\Temp\\rust_mozprofileUiSxG0\\search.json.mozlz4", (void 0)))
DevTools listening on ws://localhost:64208/devtools/browser/01512fab-af5b-44a0-be89-91adc18576ab
JavaScript error: resource://gre/modules/URIFixup.jsm, line 278: NS_ERROR_FAILURE: Should pass a non-null uri
console.warn: LoginRecipes: "getRecipes: falling back to a synchronous message for:" "https://opensource-demo.orangehrmlive.com"
console.warn: LoginRecipes: "getRecipes: falling back to a synchronous message for:" "https://opensource-demo.orangehrmlive.com"
JavaScript error: resource://gre/modules/LoginManagerParent.jsm, line 136: TypeError: gRecipeManager is null
1660498929380	Marionette	INFO	Stopped listening on port 64217
[Parent 27804, IPC I/O Parent] WARNING: file /builds/worker/checkouts/gecko/ipc/chromium/src/base/process_util_win.cc:167
1660498930587	geckodriver	INFO	Listening on 127.0.0.1:64248
1660498933763	mozrunner::runner	INFO	Running command: "C:\\Program Files\\Mozilla Firefox\\firefox.exe" "--marionette" "--remote-debugging-port" "64249" "--remote-allow-hosts" "localhost" "-no-remote" "-profile" "C:\\Users\\YOGESH\\AppData\\Local\\Temp\\rust_mozprofile4ypLTJ"
1660498934213	Marionette	INFO	Marionette enabled
1660498934219	Marionette	INFO	Listening on port 64258
WebDriver BiDi listening on ws://localhost:64249
Read port: 64258
1660498935024	RemoteAgent	WARN	TLS certificate errors will be ignored for this session
console.warn: SearchSettings: "get: No settings file exists, new profile?" (new NotFoundError("Could not open the file at C:\\Users\\YOGESH\\AppData\\Local\\Temp\\rust_mozprofile4ypLTJ\\search.json.mozlz4", (void 0)))
DevTools listening on ws://localhost:64249/devtools/browser/26d33135-4fb3-43c8-a0ef-1fece56f050e
JavaScript error: resource://gre/modules/URIFixup.jsm, line 278: NS_ERROR_FAILURE: Should pass a non-null uri
console.warn: LoginRecipes: "getRecipes: falling back to a synchronous message for:" "https://opensource-demo.orangehrmlive.com"
console.warn: LoginRecipes: "getRecipes: falling back to a synchronous message for:" "https://opensource-demo.orangehrmlive.com"
JavaScript error: resource://gre/modules/LoginManagerParent.jsm, line 136: TypeError: gRecipeManager is null
1660498972013	Marionette	INFO	Stopped listening on port 64258
1660498972952	geckodriver	INFO	Listening on 127.0.0.1:64300
1660498976035	mozrunner::runner	INFO	Running command: "C:\\Program Files\\Mozilla Firefox\\firefox.exe" "--marionette" "--remote-debugging-port" "64301" "--remote-allow-hosts" "localhost" "-no-remote" "-profile" "C:\\Users\\YOGESH\\AppData\\Local\\Temp\\rust_mozprofile7ihZ4g"
1660498976966	Marionette	INFO	Marionette enabled
1660498976971	Marionette	INFO	Listening on port 64310
WebDriver BiDi listening on ws://localhost:64301
Read port: 64310
1660498977430	RemoteAgent	WARN	TLS certificate errors will be ignored for this session
console.warn: SearchSettings: "get: No settings file exists, new profile?" (new NotFoundError("Could not open the file at C:\\Users\\YOGESH\\AppData\\Local\\Temp\\rust_mozprofile7ihZ4g\\search.json.mozlz4", (void 0)))
DevTools listening on ws://localhost:64301/devtools/browser/8b544b12-bfda-4ba2-bb5a-78d14fab7ed7
JavaScript error: resource://gre/modules/URIFixup.jsm, line 278: NS_ERROR_FAILURE: Should pass a non-null uri
console.warn: LoginRecipes: "getRecipes: falling back to a synchronous message for:" "https://opensource-demo.orangehrmlive.com"
console.warn: LoginRecipes: "getRecipes: falling back to a synchronous message for:" "https://opensource-demo.orangehrmlive.com"
JavaScript error: resource://gre/modules/LoginManagerParent.jsm, line 136: TypeError: gRecipeManager is null
1660499001118	Marionette	INFO	Stopped listening on port 64310
1660499002026	geckodriver	INFO	Listening on 127.0.0.1:64340
1660499005106	mozrunner::runner	INFO	Running command: "C:\\Program Files\\Mozilla Firefox\\firefox.exe" "--marionette" "--remote-debugging-port" "64341" "--remote-allow-hosts" "localhost" "-no-remote" "-profile" "C:\\Users\\YOGESH\\AppData\\Local\\Temp\\rust_mozprofileW6cSkI"
1660499005548	Marionette	INFO	Marionette enabled
1660499005553	Marionette	INFO	Listening on port 64350
WebDriver BiDi listening on ws://localhost:64341
Read port: 64350
1660499006050	RemoteAgent	WARN	TLS certificate errors will be ignored for this session
console.warn: SearchSettings: "get: No settings file exists, new profile?" (new NotFoundError("Could not open the file at C:\\Users\\YOGESH\\AppData\\Local\\Temp\\rust_mozprofileW6cSkI\\search.json.mozlz4", (void 0)))
DevTools listening on ws://localhost:64341/devtools/browser/3e0d3398-1d9c-444a-a562-5bf42cfc0caf
JavaScript error: resource://gre/modules/URIFixup.jsm, line 278: NS_ERROR_FAILURE: Should pass a non-null uri
console.warn: LoginRecipes: "getRecipes: falling back to a synchronous message for:" "https://opensource-demo.orangehrmlive.com"
console.warn: LoginRecipes: "getRecipes: falling back to a synchronous message for:" "https://opensource-demo.orangehrmlive.com"
JavaScript error: resource://gre/modules/LoginManagerParent.jsm, line 136: TypeError: gRecipeManager is null
1660499030904	Marionette	INFO	Stopped listening on port 64350
[Parent 11952, IPC I/O Parent] WARNING: file /builds/worker/checkouts/gecko/ipc/chromium/src/base/process_util_win.cc:167
1660499032038	geckodriver	INFO	Listening on 127.0.0.1:64379
1660499035101	mozrunner::runner	INFO	Running command: "C:\\Program Files\\Mozilla Firefox\\firefox.exe" "--marionette" "--remote-debugging-port" "64380" "--remote-allow-hosts" "localhost" "-no-remote" "-profile" "C:\\Users\\YOGESH\\AppData\\Local\\Temp\\rust_mozprofilerWKAPH"
1660499035568	Marionette	INFO	Marionette enabled
1660499035574	Marionette	INFO	Listening on port 64389
WebDriver BiDi listening on ws://localhost:64380
Read port: 64389
1660499036381	RemoteAgent	WARN	TLS certificate errors will be ignored for this session
console.warn: SearchSettings: "get: No settings file exists, new profile?" (new NotFoundError("Could not open the file at C:\\Users\\YOGESH\\AppData\\Local\\Temp\\rust_mozprofilerWKAPH\\search.json.mozlz4", (void 0)))
DevTools listening on ws://localhost:64380/devtools/browser/e382bbb7-cbdf-4f58-a9b5-36c53f47d393
JavaScript error: resource://gre/modules/URIFixup.jsm, line 278: NS_ERROR_FAILURE: Should pass a non-null uri
console.warn: LoginRecipes: "getRecipes: falling back to a synchronous message for:" "https://opensource-demo.orangehrmlive.com"
console.warn: LoginRecipes: "getRecipes: falling back to a synchronous message for:" "https://opensource-demo.orangehrmlive.com"
JavaScript error: resource://gre/modules/LoginManagerParent.jsm, line 136: TypeError: gRecipeManager is null
1660499077011	Marionette	INFO	Stopped listening on port 64389
[Parent 10052, IPC I/O Parent] WARNING: file /builds/worker/checkouts/gecko/ipc/chromium/src/base/process_util_win.cc:167
[Parent 10052, IPC I/O Parent] WARNING: file /builds/worker/checkouts/gecko/ipc/chromium/src/base/process_util_win.cc:167
